#
# There is insufficient memory for the Java Runtime Environment to continue.
# Native memory allocation (malloc) failed to allocate 1153696 bytes for Chunk::new
# Possible reasons:
#   The system is out of physical RAM or swap space
#   The process is running with CompressedOops enabled, and the Java Heap may be blocking the growth of the native heap
# Possible solutions:
#   Reduce memory load on the system
#   Increase physical memory or swap space
#   Check if swap backing store is full
#   Decrease Java heap size (-Xmx/-Xms)
#   Decrease number of Java threads
#   Decrease Java thread stack sizes (-Xss)
#   Set larger code cache with -XX:ReservedCodeCacheSize=
#   JVM is running with Unscaled Compressed Oops mode in which the Java heap is
#     placed in the first 4GB address space. The Java Heap base address is the
#     maximum limit for the native heap growth. Please use -XX:HeapBaseMinAddress
#     to set the Java Heap base and to place the Java Heap above 4GB virtual address.
# This output file may be truncated or incomplete.
#
#  Out of Memory Error (arena.cpp:189), pid=4976, tid=12172
#
# JRE version: Java(TM) SE Runtime Environment (17.0.7+8) (build 17.0.7+8-LTS-224)
# Java VM: Java HotSpot(TM) 64-Bit Server VM (17.0.7+8-LTS-224, mixed mode, sharing, tiered, compressed oops, compressed class ptrs, g1 gc, windows-amd64)
# No core dump will be written. Minidumps are not enabled by default on client versions of Windows
#

---------------  S U M M A R Y ------------

Command Line: -ea -Didea.test.cyclic.buffer.size=1048576 -javaagent:I:\Program Files\IntelliJ IDEA 2023.1.3\lib\idea_rt.jar=10904:I:\Program Files\IntelliJ IDEA 2023.1.3\bin -Dfile.encoding=UTF-8 com.intellij.rt.junit.JUnitStarter -ideVersion5 -junit5 @w@C:\Users\Slava\AppData\Local\Temp\idea_working_dirs_junit.tmp @C:\Users\Slava\AppData\Local\Temp\idea_junit.tmp

Host: Intel(R) Core(TM) i5-6500 CPU @ 3.20GHz, 4 cores, 7G,  Windows 10 , 64 bit Build 19041 (10.0.19041.2364)
Time: Fri Sep  8 23:05:04 2023  Windows 10 , 64 bit Build 19041 (10.0.19041.2364) elapsed time: 19.604116 seconds (0d 0h 0m 19s)

---------------  T H R E A D  ---------------

Current thread (0x000002b937d84830):  JavaThread "C2 CompilerThread1" daemon [_thread_in_native, id=12172, stack(0x000000fb4bb00000,0x000000fb4bc00000)]


Current CompileTask:
C2:  19604 8644       4       org.springframework.core.annotation.AnnotationsScanner::getBaseTypeMethods (145 bytes)

Stack: [0x000000fb4bb00000,0x000000fb4bc00000]
Native frames: (J=compiled Java code, j=interpreted, Vv=VM code, C=native code)
V  [jvm.dll+0x676a4a]
V  [jvm.dll+0x7d74f4]
V  [jvm.dll+0x7d8c9e]
V  [jvm.dll+0x7d9303]
V  [jvm.dll+0x2452c5]
V  [jvm.dll+0xaaa2b]
V  [jvm.dll+0xaafcc]
V  [jvm.dll+0x2aac2f]
V  [jvm.dll+0x57f375]
V  [jvm.dll+0x2205f2]
V  [jvm.dll+0x2209cf]
V  [jvm.dll+0x219926]
V  [jvm.dll+0x216df9]
V  [jvm.dll+0x1a35e0]
V  [jvm.dll+0x226a6e]
V  [jvm.dll+0x224e15]
V  [jvm.dll+0x78d05c]
V  [jvm.dll+0x78759a]
V  [jvm.dll+0x675875]
C  [ucrtbase.dll+0x21bb2]
C  [KERNEL32.DLL+0x17614]
C  [ntdll.dll+0x526a1]


---------------  P R O C E S S  ---------------

Threads class SMR info:
_java_thread_list=0x000002b94123c5c0, length=32, elements={
0x000002b918227480, 0x000002b935adc650, 0x000002b935add3d0, 0x000002b935af60c0,
0x000002b935af7990, 0x000002b935af8250, 0x000002b935af8b10, 0x000002b935af9700,
0x000002b935b05510, 0x000002b935b08600, 0x000002b936581600, 0x000002b936732280,
0x000002b936732750, 0x000002b938c3cc40, 0x000002b936a7f050, 0x000002b937725e30,
0x000002b9367cd5e0, 0x000002b93944fec0, 0x000002b937d84830, 0x000002b938bc4f50,
0x000002b938bc58f0, 0x000002b93eef91f0, 0x000002b93eefcbb0, 0x000002b93eefc210,
0x000002b93eef5d00, 0x000002b93eef7040, 0x000002b93eef96c0, 0x000002b93eef66a0,
0x000002b93eef79e0, 0x000002b93eef9b90, 0x000002b93eef6b70, 0x000002b93eefa060
}

Java Threads: ( => current thread )
  0x000002b918227480 JavaThread "main" [_thread_in_native, id=11952, stack(0x000000fb49e00000,0x000000fb49f00000)]
  0x000002b935adc650 JavaThread "Reference Handler" daemon [_thread_blocked, id=13224, stack(0x000000fb4a500000,0x000000fb4a600000)]
  0x000002b935add3d0 JavaThread "Finalizer" daemon [_thread_blocked, id=9280, stack(0x000000fb4a600000,0x000000fb4a700000)]
  0x000002b935af60c0 JavaThread "Signal Dispatcher" daemon [_thread_blocked, id=12808, stack(0x000000fb4a700000,0x000000fb4a800000)]
  0x000002b935af7990 JavaThread "Attach Listener" daemon [_thread_blocked, id=1668, stack(0x000000fb4a800000,0x000000fb4a900000)]
  0x000002b935af8250 JavaThread "Service Thread" daemon [_thread_blocked, id=13508, stack(0x000000fb4a900000,0x000000fb4aa00000)]
  0x000002b935af8b10 JavaThread "Monitor Deflation Thread" daemon [_thread_blocked, id=13548, stack(0x000000fb4aa00000,0x000000fb4ab00000)]
  0x000002b935af9700 JavaThread "C2 CompilerThread0" daemon [_thread_in_native, id=6516, stack(0x000000fb4ab00000,0x000000fb4ac00000)]
  0x000002b935b05510 JavaThread "C1 CompilerThread0" daemon [_thread_blocked, id=12164, stack(0x000000fb4ac00000,0x000000fb4ad00000)]
  0x000002b935b08600 JavaThread "Sweeper thread" daemon [_thread_blocked, id=9348, stack(0x000000fb4ad00000,0x000000fb4ae00000)]
  0x000002b936581600 JavaThread "Common-Cleaner" daemon [_thread_blocked, id=11784, stack(0x000000fb4ae00000,0x000000fb4af00000)]
  0x000002b936732280 JavaThread "Monitor Ctrl-Break" daemon [_thread_in_native, id=9832, stack(0x000000fb4af00000,0x000000fb4b000000)]
  0x000002b936732750 JavaThread "Notification Thread" daemon [_thread_blocked, id=6056, stack(0x000000fb4b000000,0x000000fb4b100000)]
  0x000002b938c3cc40 JavaThread "Catalina-utility-1" [_thread_blocked, id=10388, stack(0x000000fb4b600000,0x000000fb4b700000)]
  0x000002b936a7f050 JavaThread "Catalina-utility-2" [_thread_blocked, id=5800, stack(0x000000fb4b700000,0x000000fb4b800000)]
  0x000002b937725e30 JavaThread "container-0" [_thread_blocked, id=12312, stack(0x000000fb4b800000,0x000000fb4b900000)]
  0x000002b9367cd5e0 JavaThread "PostgreSQL-JDBC-Cleaner" daemon [_thread_blocked, id=10828, stack(0x000000fb4b200000,0x000000fb4b300000)]
  0x000002b93944fec0 JavaThread "HikariPool-1 housekeeper" daemon [_thread_blocked, id=6540, stack(0x000000fb4ba00000,0x000000fb4bb00000)]
=>0x000002b937d84830 JavaThread "C2 CompilerThread1" daemon [_thread_in_native, id=12172, stack(0x000000fb4bb00000,0x000000fb4bc00000)]
  0x000002b938bc4f50 JavaThread "http-nio-auto-1-exec-1" daemon [_thread_blocked, id=11796, stack(0x000000fb4bc00000,0x000000fb4bd00000)]
  0x000002b938bc58f0 JavaThread "http-nio-auto-1-exec-2" daemon [_thread_blocked, id=13632, stack(0x000000fb4bd00000,0x000000fb4be00000)]
  0x000002b93eef91f0 JavaThread "http-nio-auto-1-exec-3" daemon [_thread_blocked, id=7608, stack(0x000000fb4be00000,0x000000fb4bf00000)]
  0x000002b93eefcbb0 JavaThread "http-nio-auto-1-exec-4" daemon [_thread_blocked, id=3672, stack(0x000000fb4bf00000,0x000000fb4c000000)]
  0x000002b93eefc210 JavaThread "http-nio-auto-1-exec-5" daemon [_thread_blocked, id=6368, stack(0x000000fb4c000000,0x000000fb4c100000)]
  0x000002b93eef5d00 JavaThread "http-nio-auto-1-exec-6" daemon [_thread_blocked, id=10616, stack(0x000000fb4c100000,0x000000fb4c200000)]
  0x000002b93eef7040 JavaThread "http-nio-auto-1-exec-7" daemon [_thread_blocked, id=2028, stack(0x000000fb4c200000,0x000000fb4c300000)]
  0x000002b93eef96c0 JavaThread "http-nio-auto-1-exec-8" daemon [_thread_blocked, id=9480, stack(0x000000fb4c300000,0x000000fb4c400000)]
  0x000002b93eef66a0 JavaThread "http-nio-auto-1-exec-9" daemon [_thread_blocked, id=1764, stack(0x000000fb4c400000,0x000000fb4c500000)]
  0x000002b93eef79e0 JavaThread "http-nio-auto-1-exec-10" daemon [_thread_blocked, id=13212, stack(0x000000fb4c500000,0x000000fb4c600000)]
  0x000002b93eef9b90 JavaThread "http-nio-auto-1-Poller" daemon [_thread_in_native, id=5516, stack(0x000000fb4c600000,0x000000fb4c700000)]
  0x000002b93eef6b70 JavaThread "http-nio-auto-1-Acceptor" daemon [_thread_in_native, id=12708, stack(0x000000fb4c700000,0x000000fb4c800000)]
  0x000002b93eefa060 JavaThread "boundedElastic-evictor-1" daemon [_thread_blocked, id=6324, stack(0x000000fb4c800000,0x000000fb4c900000)]

Other Threads:
  0x000002b935ad7b40 VMThread "VM Thread" [stack: 0x000000fb4a400000,0x000000fb4a500000] [id=5980]
  0x000002b935ae15f0 WatcherThread [stack: 0x000000fb4b100000,0x000000fb4b200000] [id=12956]
  0x000002b918280830 GCTaskThread "GC Thread#0" [stack: 0x000000fb49f00000,0x000000fb4a000000] [id=11788]
  0x000002b936e1a5f0 GCTaskThread "GC Thread#1" [stack: 0x000000fb4b300000,0x000000fb4b400000] [id=12968]
  0x000002b936e1a8a0 GCTaskThread "GC Thread#2" [stack: 0x000000fb4b400000,0x000000fb4b500000] [id=8504]
  0x000002b9369e6bf0 GCTaskThread "GC Thread#3" [stack: 0x000000fb4b500000,0x000000fb4b600000] [id=13652]
  0x000002b9182924d0 ConcurrentGCThread "G1 Main Marker" [stack: 0x000000fb4a000000,0x000000fb4a100000] [id=13012]
  0x000002b9182945a0 ConcurrentGCThread "G1 Conc#0" [stack: 0x000000fb4a100000,0x000000fb4a200000] [id=11964]
  0x000002b9359920c0 ConcurrentGCThread "G1 Refine#0" [stack: 0x000000fb4a200000,0x000000fb4a300000] [id=13972]
  0x000002b9359929f0 ConcurrentGCThread "G1 Service" [stack: 0x000000fb4a300000,0x000000fb4a400000] [id=8868]

Threads with active compile tasks:
C2 CompilerThread0    19639 8643   !   4       org.springframework.core.annotation.AnnotationsScanner::processMethodHierarchy (276 bytes)
C2 CompilerThread1    19639 8644       4       org.springframework.core.annotation.AnnotationsScanner::getBaseTypeMethods (145 bytes)

VM state: not at safepoint (normal execution)

VM Mutex/Monitor currently owned by a thread: None

Heap address: 0x0000000080e00000, size: 2034 MB, Compressed Oops mode: 32-bit

CDS archive(s) mapped at: [0x0000000800000000-0x0000000800bd0000-0x0000000800bd0000), size 12386304, SharedBaseAddress: 0x0000000800000000, ArchiveRelocationMode: 0.
Compressed class space mapped at: 0x0000000800c00000-0x0000000840c00000, reserved size: 1073741824
Narrow klass base: 0x0000000800000000, Narrow klass shift: 0, Narrow klass range: 0x100000000

GC Precious Log:
 CPUs: 4 total, 4 available
 Memory: 8128M
 Large Page Support: Disabled
 NUMA Support: Disabled
 Compressed Oops: Enabled (32-bit)
 Heap Region Size: 1M
 Heap Min Capacity: 8M
 Heap Initial Capacity: 128M
 Heap Max Capacity: 2034M
 Pre-touch: Disabled
 Parallel Workers: 4
 Concurrent Workers: 1
 Concurrent Refinement Workers: 4
 Periodic GC: Disabled

Heap:
 garbage-first heap   total 146432K, used 94438K [0x0000000080e00000, 0x0000000100000000)
  region size 1024K, 50 young (51200K), 4 survivors (4096K)
 Metaspace       used 89469K, committed 89984K, reserved 1130496K
  class space    used 12505K, committed 12736K, reserved 1048576K

Heap Regions: E=young(eden), S=young(survivor), O=old, HS=humongous(starts), HC=humongous(continues), CS=collection set, F=free, OA=open archive, CA=closed archive, TAMS=top-at-mark-start (previous, next)
|   0|0x0000000080e00000, 0x0000000080f00000, 0x0000000080f00000|100%|HS|  |TAMS 0x0000000080f00000, 0x0000000080e00000| Complete 
|   1|0x0000000080f00000, 0x0000000081000000, 0x0000000081000000|100%|HS|  |TAMS 0x0000000081000000, 0x0000000080f00000| Complete 
|   2|0x0000000081000000, 0x0000000081100000, 0x0000000081100000|100%|HC|  |TAMS 0x0000000081100000, 0x0000000081000000| Complete 
|   3|0x0000000081100000, 0x0000000081200000, 0x0000000081200000|100%| O|  |TAMS 0x0000000081200000, 0x0000000081100000| Untracked 
|   4|0x0000000081200000, 0x0000000081300000, 0x0000000081300000|100%| O|  |TAMS 0x0000000081300000, 0x0000000081200000| Untracked 
|   5|0x0000000081300000, 0x0000000081400000, 0x0000000081400000|100%| O|  |TAMS 0x0000000081400000, 0x0000000081300000| Untracked 
|   6|0x0000000081400000, 0x0000000081500000, 0x0000000081500000|100%| O|  |TAMS 0x0000000081500000, 0x0000000081400000| Untracked 
|   7|0x0000000081500000, 0x0000000081600000, 0x0000000081600000|100%| O|  |TAMS 0x0000000081600000, 0x0000000081500000| Untracked 
|   8|0x0000000081600000, 0x0000000081700000, 0x0000000081700000|100%| O|  |TAMS 0x0000000081700000, 0x0000000081600000| Untracked 
|   9|0x0000000081700000, 0x0000000081800000, 0x0000000081800000|100%| O|  |TAMS 0x0000000081800000, 0x0000000081700000| Untracked 
|  10|0x0000000081800000, 0x0000000081900000, 0x0000000081900000|100%| O|  |TAMS 0x0000000081900000, 0x0000000081800000| Untracked 
|  11|0x0000000081900000, 0x0000000081a00000, 0x0000000081a00000|100%| O|  |TAMS 0x0000000081a00000, 0x0000000081900000| Untracked 
|  12|0x0000000081a00000, 0x0000000081b00000, 0x0000000081b00000|100%| O|  |TAMS 0x0000000081b00000, 0x0000000081a00000| Untracked 
|  13|0x0000000081b00000, 0x0000000081c00000, 0x0000000081c00000|100%| O|  |TAMS 0x0000000081c00000, 0x0000000081b00000| Untracked 
|  14|0x0000000081c00000, 0x0000000081d00000, 0x0000000081d00000|100%| O|  |TAMS 0x0000000081d00000, 0x0000000081c00000| Untracked 
|  15|0x0000000081d00000, 0x0000000081e00000, 0x0000000081e00000|100%| O|  |TAMS 0x0000000081e00000, 0x0000000081d00000| Untracked 
|  16|0x0000000081e00000, 0x0000000081f00000, 0x0000000081f00000|100%| O|  |TAMS 0x0000000081f00000, 0x0000000081e00000| Untracked 
|  17|0x0000000081f00000, 0x0000000082000000, 0x0000000082000000|100%| O|  |TAMS 0x0000000082000000, 0x0000000081f00000| Untracked 
|  18|0x0000000082000000, 0x0000000082100000, 0x0000000082100000|100%| O|  |TAMS 0x0000000082100000, 0x0000000082000000| Untracked 
|  19|0x0000000082100000, 0x0000000082200000, 0x0000000082200000|100%| O|  |TAMS 0x0000000082200000, 0x0000000082100000| Untracked 
|  20|0x0000000082200000, 0x0000000082300000, 0x0000000082300000|100%| O|  |TAMS 0x0000000082300000, 0x0000000082200000| Untracked 
|  21|0x0000000082300000, 0x0000000082400000, 0x0000000082400000|100%| O|  |TAMS 0x0000000082300000, 0x0000000082300000| Untracked 
|  22|0x0000000082400000, 0x0000000082500000, 0x0000000082500000|100%| O|  |TAMS 0x0000000082500000, 0x0000000082400000| Untracked 
|  23|0x0000000082500000, 0x0000000082600000, 0x0000000082600000|100%| O|  |TAMS 0x0000000082600000, 0x0000000082500000| Untracked 
|  24|0x0000000082600000, 0x0000000082700000, 0x0000000082700000|100%| O|  |TAMS 0x0000000082700000, 0x0000000082600000| Untracked 
|  25|0x0000000082700000, 0x0000000082800000, 0x0000000082800000|100%| O|  |TAMS 0x0000000082800000, 0x0000000082700000| Untracked 
|  26|0x0000000082800000, 0x0000000082900000, 0x0000000082900000|100%| O|  |TAMS 0x0000000082900000, 0x0000000082800000| Untracked 
|  27|0x0000000082900000, 0x0000000082a00000, 0x0000000082a00000|100%| O|  |TAMS 0x0000000082a00000, 0x0000000082900000| Untracked 
|  28|0x0000000082a00000, 0x0000000082b00000, 0x0000000082b00000|100%| O|  |TAMS 0x0000000082b00000, 0x0000000082a00000| Untracked 
|  29|0x0000000082b00000, 0x0000000082c00000, 0x0000000082c00000|100%| O|  |TAMS 0x0000000082c00000, 0x0000000082b00000| Untracked 
|  30|0x0000000082c00000, 0x0000000082d00000, 0x0000000082d00000|100%| O|  |TAMS 0x0000000082d00000, 0x0000000082c00000| Untracked 
|  31|0x0000000082d00000, 0x0000000082e00000, 0x0000000082e00000|100%| O|  |TAMS 0x0000000082e00000, 0x0000000082d00000| Untracked 
|  32|0x0000000082e00000, 0x0000000082f00000, 0x0000000082f00000|100%| O|  |TAMS 0x0000000082f00000, 0x0000000082e00000| Untracked 
|  33|0x0000000082f00000, 0x0000000083000000, 0x0000000083000000|100%| O|  |TAMS 0x0000000083000000, 0x0000000082f00000| Untracked 
|  34|0x0000000083000000, 0x0000000083100000, 0x0000000083100000|100%| O|  |TAMS 0x0000000083100000, 0x0000000083000000| Untracked 
|  35|0x0000000083100000, 0x0000000083200000, 0x0000000083200000|100%| O|  |TAMS 0x0000000083200000, 0x0000000083100000| Untracked 
|  36|0x0000000083200000, 0x0000000083300000, 0x0000000083300000|100%| O|  |TAMS 0x0000000083300000, 0x0000000083200000| Untracked 
|  37|0x0000000083300000, 0x0000000083400000, 0x0000000083400000|100%| O|  |TAMS 0x0000000083400000, 0x0000000083300000| Untracked 
|  38|0x0000000083400000, 0x0000000083500000, 0x0000000083500000|100%| O|  |TAMS 0x0000000083500000, 0x0000000083400000| Untracked 
|  39|0x0000000083500000, 0x0000000083600000, 0x0000000083600000|100%| O|  |TAMS 0x0000000083600000, 0x0000000083500000| Untracked 
|  40|0x0000000083600000, 0x0000000083700000, 0x0000000083700000|100%| O|  |TAMS 0x0000000083611000, 0x0000000083600000| Untracked 
|  41|0x0000000083700000, 0x0000000083800000, 0x0000000083800000|100%| O|  |TAMS 0x0000000083700000, 0x0000000083700000| Untracked 
|  42|0x0000000083800000, 0x0000000083900000, 0x0000000083900000|100%| O|  |TAMS 0x0000000083800000, 0x0000000083800000| Untracked 
|  43|0x0000000083900000, 0x000000008394ce00, 0x0000000083a00000| 30%| O|  |TAMS 0x0000000083900000, 0x0000000083900000| Untracked 
|  44|0x0000000083a00000, 0x0000000083a00000, 0x0000000083b00000|  0%| F|  |TAMS 0x0000000083a00000, 0x0000000083a00000| Untracked 
|  45|0x0000000083b00000, 0x0000000083b00000, 0x0000000083c00000|  0%| F|  |TAMS 0x0000000083b00000, 0x0000000083b00000| Untracked 
|  46|0x0000000083c00000, 0x0000000083c00000, 0x0000000083d00000|  0%| F|  |TAMS 0x0000000083c00000, 0x0000000083c00000| Untracked 
|  47|0x0000000083d00000, 0x0000000083d00000, 0x0000000083e00000|  0%| F|  |TAMS 0x0000000083d00000, 0x0000000083d00000| Untracked 
|  48|0x0000000083e00000, 0x0000000083e00000, 0x0000000083f00000|  0%| F|  |TAMS 0x0000000083e00000, 0x0000000083e00000| Untracked 
|  49|0x0000000083f00000, 0x0000000083f00000, 0x0000000084000000|  0%| F|  |TAMS 0x0000000083f00000, 0x0000000083f00000| Untracked 
|  50|0x0000000084000000, 0x0000000084000000, 0x0000000084100000|  0%| F|  |TAMS 0x0000000084000000, 0x0000000084000000| Untracked 
|  51|0x0000000084100000, 0x0000000084100000, 0x0000000084200000|  0%| F|  |TAMS 0x0000000084100000, 0x0000000084100000| Untracked 
|  52|0x0000000084200000, 0x0000000084200000, 0x0000000084300000|  0%| F|  |TAMS 0x0000000084200000, 0x0000000084200000| Untracked 
|  53|0x0000000084300000, 0x0000000084300000, 0x0000000084400000|  0%| F|  |TAMS 0x0000000084300000, 0x0000000084300000| Untracked 
|  54|0x0000000084400000, 0x0000000084400000, 0x0000000084500000|  0%| F|  |TAMS 0x0000000084400000, 0x0000000084400000| Untracked 
|  55|0x0000000084500000, 0x0000000084500000, 0x0000000084600000|  0%| F|  |TAMS 0x0000000084500000, 0x0000000084500000| Untracked 
|  56|0x0000000084600000, 0x0000000084600000, 0x0000000084700000|  0%| F|  |TAMS 0x0000000084600000, 0x0000000084600000| Untracked 
|  57|0x0000000084700000, 0x0000000084700000, 0x0000000084800000|  0%| F|  |TAMS 0x0000000084700000, 0x0000000084700000| Untracked 
|  58|0x0000000084800000, 0x0000000084800000, 0x0000000084900000|  0%| F|  |TAMS 0x0000000084800000, 0x0000000084800000| Untracked 
|  59|0x0000000084900000, 0x0000000084900000, 0x0000000084a00000|  0%| F|  |TAMS 0x0000000084900000, 0x0000000084900000| Untracked 
|  60|0x0000000084a00000, 0x0000000084a00000, 0x0000000084b00000|  0%| F|  |TAMS 0x0000000084a00000, 0x0000000084a00000| Untracked 
|  61|0x0000000084b00000, 0x0000000084b00000, 0x0000000084c00000|  0%| F|  |TAMS 0x0000000084b00000, 0x0000000084b00000| Untracked 
|  62|0x0000000084c00000, 0x0000000084c00000, 0x0000000084d00000|  0%| F|  |TAMS 0x0000000084c00000, 0x0000000084c00000| Untracked 
|  63|0x0000000084d00000, 0x0000000084d00000, 0x0000000084e00000|  0%| F|  |TAMS 0x0000000084d00000, 0x0000000084d00000| Untracked 
|  64|0x0000000084e00000, 0x0000000084e00000, 0x0000000084f00000|  0%| F|  |TAMS 0x0000000084e00000, 0x0000000084e00000| Untracked 
|  65|0x0000000084f00000, 0x0000000084f00000, 0x0000000085000000|  0%| F|  |TAMS 0x0000000084f00000, 0x0000000084f00000| Untracked 
|  66|0x0000000085000000, 0x0000000085000000, 0x0000000085100000|  0%| F|  |TAMS 0x0000000085000000, 0x0000000085000000| Untracked 
|  67|0x0000000085100000, 0x0000000085100000, 0x0000000085200000|  0%| F|  |TAMS 0x0000000085100000, 0x0000000085100000| Untracked 
|  68|0x0000000085200000, 0x0000000085200000, 0x0000000085300000|  0%| F|  |TAMS 0x0000000085200000, 0x0000000085200000| Untracked 
|  69|0x0000000085300000, 0x0000000085300000, 0x0000000085400000|  0%| F|  |TAMS 0x0000000085300000, 0x0000000085300000| Untracked 
|  70|0x0000000085400000, 0x0000000085400000, 0x0000000085500000|  0%| F|  |TAMS 0x0000000085400000, 0x0000000085400000| Untracked 
|  71|0x0000000085500000, 0x0000000085500000, 0x0000000085600000|  0%| F|  |TAMS 0x0000000085500000, 0x0000000085500000| Untracked 
|  72|0x0000000085600000, 0x0000000085600000, 0x0000000085700000|  0%| F|  |TAMS 0x0000000085600000, 0x0000000085600000| Untracked 
|  73|0x0000000085700000, 0x0000000085700000, 0x0000000085800000|  0%| F|  |TAMS 0x0000000085700000, 0x0000000085700000| Untracked 
|  74|0x0000000085800000, 0x0000000085800000, 0x0000000085900000|  0%| F|  |TAMS 0x0000000085800000, 0x0000000085800000| Untracked 
|  75|0x0000000085900000, 0x00000000859ecb80, 0x0000000085a00000| 92%| S|CS|TAMS 0x0000000085900000, 0x0000000085900000| Complete 
|  76|0x0000000085a00000, 0x0000000085b00000, 0x0000000085b00000|100%| S|CS|TAMS 0x0000000085a00000, 0x0000000085a00000| Complete 
|  77|0x0000000085b00000, 0x0000000085c00000, 0x0000000085c00000|100%| S|CS|TAMS 0x0000000085b00000, 0x0000000085b00000| Complete 
|  78|0x0000000085c00000, 0x0000000085d00000, 0x0000000085d00000|100%| S|CS|TAMS 0x0000000085c00000, 0x0000000085c00000| Complete 
|  79|0x0000000085d00000, 0x0000000085d00000, 0x0000000085e00000|  0%| F|  |TAMS 0x0000000085d00000, 0x0000000085d00000| Untracked 
|  80|0x0000000085e00000, 0x0000000085e00000, 0x0000000085f00000|  0%| F|  |TAMS 0x0000000085e00000, 0x0000000085e00000| Untracked 
|  81|0x0000000085f00000, 0x0000000085f00000, 0x0000000086000000|  0%| F|  |TAMS 0x0000000085f00000, 0x0000000085f00000| Untracked 
|  82|0x0000000086000000, 0x0000000086000000, 0x0000000086100000|  0%| F|  |TAMS 0x0000000086000000, 0x0000000086000000| Untracked 
|  83|0x0000000086100000, 0x0000000086100000, 0x0000000086200000|  0%| F|  |TAMS 0x0000000086100000, 0x0000000086100000| Untracked 
|  84|0x0000000086200000, 0x0000000086200000, 0x0000000086300000|  0%| F|  |TAMS 0x0000000086200000, 0x0000000086200000| Untracked 
|  85|0x0000000086300000, 0x0000000086300000, 0x0000000086400000|  0%| F|  |TAMS 0x0000000086300000, 0x0000000086300000| Untracked 
|  86|0x0000000086400000, 0x0000000086400000, 0x0000000086500000|  0%| F|  |TAMS 0x0000000086400000, 0x0000000086400000| Untracked 
|  87|0x0000000086500000, 0x0000000086500000, 0x0000000086600000|  0%| F|  |TAMS 0x0000000086500000, 0x0000000086500000| Untracked 
|  88|0x0000000086600000, 0x0000000086600000, 0x0000000086700000|  0%| F|  |TAMS 0x0000000086600000, 0x0000000086600000| Untracked 
|  89|0x0000000086700000, 0x0000000086700000, 0x0000000086800000|  0%| F|  |TAMS 0x0000000086700000, 0x0000000086700000| Untracked 
|  90|0x0000000086800000, 0x0000000086800000, 0x0000000086900000|  0%| F|  |TAMS 0x0000000086800000, 0x0000000086800000| Untracked 
|  91|0x0000000086900000, 0x0000000086900000, 0x0000000086a00000|  0%| F|  |TAMS 0x0000000086900000, 0x0000000086900000| Untracked 
|  92|0x0000000086a00000, 0x0000000086a00000, 0x0000000086b00000|  0%| F|  |TAMS 0x0000000086a00000, 0x0000000086a00000| Untracked 
|  93|0x0000000086b00000, 0x0000000086b00000, 0x0000000086c00000|  0%| F|  |TAMS 0x0000000086b00000, 0x0000000086b00000| Untracked 
|  94|0x0000000086c00000, 0x0000000086c00000, 0x0000000086d00000|  0%| F|  |TAMS 0x0000000086c00000, 0x0000000086c00000| Untracked 
|  95|0x0000000086d00000, 0x0000000086d00000, 0x0000000086e00000|  0%| F|  |TAMS 0x0000000086d00000, 0x0000000086d00000| Untracked 
|  96|0x0000000086e00000, 0x0000000086e00000, 0x0000000086f00000|  0%| F|  |TAMS 0x0000000086e00000, 0x0000000086e00000| Untracked 
|  97|0x0000000086f00000, 0x0000000086f80d58, 0x0000000087000000| 50%| E|  |TAMS 0x0000000086f00000, 0x0000000086f00000| Complete 
|  98|0x0000000087000000, 0x0000000087100000, 0x0000000087100000|100%| E|CS|TAMS 0x0000000087000000, 0x0000000087000000| Complete 
|  99|0x0000000087100000, 0x0000000087200000, 0x0000000087200000|100%| E|CS|TAMS 0x0000000087100000, 0x0000000087100000| Complete 
| 100|0x0000000087200000, 0x0000000087300000, 0x0000000087300000|100%| E|CS|TAMS 0x0000000087200000, 0x0000000087200000| Complete 
| 101|0x0000000087300000, 0x0000000087400000, 0x0000000087400000|100%| E|CS|TAMS 0x0000000087300000, 0x0000000087300000| Complete 
| 102|0x0000000087400000, 0x0000000087500000, 0x0000000087500000|100%| E|CS|TAMS 0x0000000087400000, 0x0000000087400000| Complete 
| 103|0x0000000087500000, 0x0000000087600000, 0x0000000087600000|100%| E|CS|TAMS 0x0000000087500000, 0x0000000087500000| Complete 
| 104|0x0000000087600000, 0x0000000087700000, 0x0000000087700000|100%| E|CS|TAMS 0x0000000087600000, 0x0000000087600000| Complete 
| 105|0x0000000087700000, 0x0000000087800000, 0x0000000087800000|100%| E|CS|TAMS 0x0000000087700000, 0x0000000087700000| Complete 
| 106|0x0000000087800000, 0x0000000087900000, 0x0000000087900000|100%| E|CS|TAMS 0x0000000087800000, 0x0000000087800000| Complete 
| 107|0x0000000087900000, 0x0000000087a00000, 0x0000000087a00000|100%| E|CS|TAMS 0x0000000087900000, 0x0000000087900000| Complete 
| 108|0x0000000087a00000, 0x0000000087b00000, 0x0000000087b00000|100%| E|CS|TAMS 0x0000000087a00000, 0x0000000087a00000| Complete 
| 109|0x0000000087b00000, 0x0000000087c00000, 0x0000000087c00000|100%| E|CS|TAMS 0x0000000087b00000, 0x0000000087b00000| Complete 
| 110|0x0000000087c00000, 0x0000000087d00000, 0x0000000087d00000|100%| E|CS|TAMS 0x0000000087c00000, 0x0000000087c00000| Complete 
| 111|0x0000000087d00000, 0x0000000087e00000, 0x0000000087e00000|100%| E|CS|TAMS 0x0000000087d00000, 0x0000000087d00000| Complete 
| 112|0x0000000087e00000, 0x0000000087f00000, 0x0000000087f00000|100%| E|CS|TAMS 0x0000000087e00000, 0x0000000087e00000| Complete 
| 113|0x0000000087f00000, 0x0000000088000000, 0x0000000088000000|100%| E|CS|TAMS 0x0000000087f00000, 0x0000000087f00000| Complete 
| 114|0x0000000088000000, 0x0000000088100000, 0x0000000088100000|100%| E|CS|TAMS 0x0000000088000000, 0x0000000088000000| Complete 
| 115|0x0000000088100000, 0x0000000088200000, 0x0000000088200000|100%| E|CS|TAMS 0x0000000088100000, 0x0000000088100000| Complete 
| 116|0x0000000088200000, 0x0000000088300000, 0x0000000088300000|100%| E|CS|TAMS 0x0000000088200000, 0x0000000088200000| Complete 
| 117|0x0000000088300000, 0x0000000088400000, 0x0000000088400000|100%| E|CS|TAMS 0x0000000088300000, 0x0000000088300000| Complete 
| 118|0x0000000088400000, 0x0000000088500000, 0x0000000088500000|100%| E|CS|TAMS 0x0000000088400000, 0x0000000088400000| Complete 
| 119|0x0000000088500000, 0x0000000088600000, 0x0000000088600000|100%| E|CS|TAMS 0x0000000088500000, 0x0000000088500000| Complete 
| 120|0x0000000088600000, 0x0000000088700000, 0x0000000088700000|100%| E|CS|TAMS 0x0000000088600000, 0x0000000088600000| Complete 
| 121|0x0000000088700000, 0x0000000088800000, 0x0000000088800000|100%| E|CS|TAMS 0x0000000088700000, 0x0000000088700000| Complete 
| 122|0x0000000088800000, 0x0000000088900000, 0x0000000088900000|100%| E|CS|TAMS 0x0000000088800000, 0x0000000088800000| Complete 
| 123|0x0000000088900000, 0x0000000088a00000, 0x0000000088a00000|100%| E|CS|TAMS 0x0000000088900000, 0x0000000088900000| Complete 
| 124|0x0000000088a00000, 0x0000000088b00000, 0x0000000088b00000|100%| E|CS|TAMS 0x0000000088a00000, 0x0000000088a00000| Complete 
| 125|0x0000000088b00000, 0x0000000088c00000, 0x0000000088c00000|100%| E|CS|TAMS 0x0000000088b00000, 0x0000000088b00000| Complete 
| 126|0x0000000088c00000, 0x0000000088d00000, 0x0000000088d00000|100%| E|CS|TAMS 0x0000000088c00000, 0x0000000088c00000| Complete 
| 127|0x0000000088d00000, 0x0000000088e00000, 0x0000000088e00000|100%| E|CS|TAMS 0x0000000088d00000, 0x0000000088d00000| Complete 
| 128|0x0000000088e00000, 0x0000000088f00000, 0x0000000088f00000|100%| E|CS|TAMS 0x0000000088e00000, 0x0000000088e00000| Complete 
| 129|0x0000000088f00000, 0x0000000089000000, 0x0000000089000000|100%| E|CS|TAMS 0x0000000088f00000, 0x0000000088f00000| Complete 
| 130|0x0000000089000000, 0x0000000089100000, 0x0000000089100000|100%| E|CS|TAMS 0x0000000089000000, 0x0000000089000000| Complete 
| 131|0x0000000089100000, 0x0000000089200000, 0x0000000089200000|100%| E|CS|TAMS 0x0000000089100000, 0x0000000089100000| Complete 
| 132|0x0000000089200000, 0x0000000089300000, 0x0000000089300000|100%| E|CS|TAMS 0x0000000089200000, 0x0000000089200000| Complete 
| 133|0x0000000089300000, 0x0000000089400000, 0x0000000089400000|100%| E|CS|TAMS 0x0000000089300000, 0x0000000089300000| Complete 
| 134|0x0000000089400000, 0x0000000089500000, 0x0000000089500000|100%| E|CS|TAMS 0x0000000089400000, 0x0000000089400000| Complete 
| 135|0x0000000089500000, 0x0000000089600000, 0x0000000089600000|100%| E|CS|TAMS 0x0000000089500000, 0x0000000089500000| Complete 
| 136|0x0000000089600000, 0x0000000089700000, 0x0000000089700000|100%| E|CS|TAMS 0x0000000089600000, 0x0000000089600000| Complete 
| 137|0x0000000089700000, 0x0000000089800000, 0x0000000089800000|100%| E|CS|TAMS 0x0000000089700000, 0x0000000089700000| Complete 
| 138|0x0000000089800000, 0x0000000089900000, 0x0000000089900000|100%| E|CS|TAMS 0x0000000089800000, 0x0000000089800000| Complete 
| 139|0x0000000089900000, 0x0000000089a00000, 0x0000000089a00000|100%| E|CS|TAMS 0x0000000089900000, 0x0000000089900000| Complete 
| 140|0x0000000089a00000, 0x0000000089b00000, 0x0000000089b00000|100%| E|CS|TAMS 0x0000000089a00000, 0x0000000089a00000| Complete 
| 141|0x0000000089b00000, 0x0000000089c00000, 0x0000000089c00000|100%| E|CS|TAMS 0x0000000089b00000, 0x0000000089b00000| Complete 
| 142|0x0000000089c00000, 0x0000000089d00000, 0x0000000089d00000|100%| E|CS|TAMS 0x0000000089c00000, 0x0000000089c00000| Complete 

Card table byte_map: [0x000002b92ee90000,0x000002b92f290000] _byte_map_base: 0x000002b92ea89000

Marking Bits (Prev, Next): (CMBitMap*) 0x000002b918281da0, (CMBitMap*) 0x000002b918281d60
 Prev Bits: [0x000002b931660000, 0x000002b933628000)
 Next Bits: [0x000002b92f690000, 0x000002b931658000)

Polling page: 0x000002b916190000

Metaspace:

Usage:
  Non-class:     75.16 MB used.
      Class:     12.21 MB used.
       Both:     87.37 MB used.

Virtual space:
  Non-class space:       80.00 MB reserved,      75.44 MB ( 94%) committed,  10 nodes.
      Class space:        1.00 GB reserved,      12.44 MB (  1%) committed,  1 nodes.
             Both:        1.08 GB reserved,      87.88 MB (  8%) committed. 

Chunk freelists:
   Non-Class:  172.00 KB
       Class:  3.58 MB
        Both:  3.74 MB

MaxMetaspaceSize: unlimited
CompressedClassSpaceSize: 1.00 GB
Initial GC threshold: 21.00 MB
Current GC threshold: 124.00 MB
CDS: on
MetaspaceReclaimPolicy: balanced
 - commit_granule_bytes: 65536.
 - commit_granule_words: 8192.
 - virtual_space_node_default_size: 1048576.
 - enlarge_chunks_in_place: 1.
 - new_chunks_are_fully_committed: 0.
 - uncommit_free_chunks: 1.
 - use_allocation_guard: 0.
 - handle_deallocations: 1.


Internal statistics:

num_allocs_failed_limit: 6.
num_arena_births: 770.
num_arena_deaths: 0.
num_vsnodes_births: 11.
num_vsnodes_deaths: 0.
num_space_committed: 1406.
num_space_uncommitted: 0.
num_chunks_returned_to_freelist: 6.
num_chunks_taken_from_freelist: 3921.
num_chunk_merges: 6.
num_chunk_splits: 2933.
num_chunks_enlarged: 2395.
num_purges: 0.
num_inconsistent_stats: 0.

CodeHeap 'non-profiled nmethods': size=120000Kb used=4947Kb max_used=5325Kb free=115052Kb
 bounds [0x000002b927560000, 0x000002b927ab0000, 0x000002b92ea90000]
CodeHeap 'profiled nmethods': size=120000Kb used=14235Kb max_used=15601Kb free=105765Kb
 bounds [0x000002b91fa90000, 0x000002b9209d0000, 0x000002b926fc0000]
CodeHeap 'non-nmethods': size=5760Kb used=1355Kb max_used=1447Kb free=4404Kb
 bounds [0x000002b926fc0000, 0x000002b927230000, 0x000002b927560000]
 total_blobs=7910 nmethods=7217 adapters=604
 compilation: enabled
              stopped_count=0, restarted_count=0
 full_count=0

Compilation events (20 events):
Event: 19.278 Thread 0x000002b935af9700 8639       4       java.lang.ClassLoader::preDefineClass (118 bytes)
Event: 19.278 Thread 0x000002b937d84830 8640       4       java.lang.ClassLoader::postDefineClass (39 bytes)
Event: 19.285 Thread 0x000002b935b05510 8642       3       io.netty.util.AsciiString::c2b (15 bytes)
Event: 19.286 Thread 0x000002b935b05510 nmethod 8642 0x000002b920649910 code [0x000002b920649aa0, 0x000002b920649bf8]
Event: 19.294 Thread 0x000002b935af9700 nmethod 8639 0x000002b92766d410 code [0x000002b92766d5e0, 0x000002b92766e008]
Event: 19.294 Thread 0x000002b935af9700 8641       4       java.lang.ClassLoader::defineClassSourceLocation (28 bytes)
Event: 19.295 Thread 0x000002b935af9700 nmethod 8641 0x000002b9277a5190 code [0x000002b9277a5320, 0x000002b9277a5408]
Event: 19.305 Thread 0x000002b935af9700 8643   !   4       org.springframework.core.annotation.AnnotationsScanner::processMethodHierarchy (276 bytes)
Event: 19.315 Thread 0x000002b937d84830 nmethod 8640 0x000002b927843f10 code [0x000002b927844140, 0x000002b927845710]
Event: 19.315 Thread 0x000002b937d84830 8647       4       org.springframework.core.annotation.TypeMappedAnnotations$MergedAnnotationFinder::doWithAnnotations (75 bytes)
Event: 19.367 Thread 0x000002b935b05510 8648       2       java.lang.ClassLoader::defineClass (43 bytes)
Event: 19.367 Thread 0x000002b935b05510 nmethod 8648 0x000002b92064db10 code [0x000002b92064dce0, 0x000002b92064df38]
Event: 19.414 Thread 0x000002b935b05510 8649       3       java.util.zip.Inflater$InflaterZStreamRef::<init> (30 bytes)
Event: 19.414 Thread 0x000002b935b05510 nmethod 8649 0x000002b92064fb90 code [0x000002b92064fd40, 0x000002b920650008]
Event: 19.415 Thread 0x000002b935b05510 8650       3       java.util.zip.Inflater$InflaterZStreamRef::clean (10 bytes)
Event: 19.416 Thread 0x000002b935b05510 nmethod 8650 0x000002b920795410 code [0x000002b9207955e0, 0x000002b9207959c8]
Event: 19.416 Thread 0x000002b935b05510 8651  s    3       java.util.zip.Inflater$InflaterZStreamRef::run (21 bytes)
Event: 19.416 Thread 0x000002b935b05510 nmethod 8651 0x000002b92079bf10 code [0x000002b92079c0c0, 0x000002b92079c308]
Event: 19.508 Thread 0x000002b937d84830 nmethod 8647 0x000002b927830590 code [0x000002b927830aa0, 0x000002b927836660]
Event: 19.509 Thread 0x000002b937d84830 8644       4       org.springframework.core.annotation.AnnotationsScanner::getBaseTypeMethods (145 bytes)

GC Heap History (20 events):
Event: 13.045 GC heap before
{Heap before GC invocations=18 (full 0):
 garbage-first heap   total 68608K, used 54920K [0x0000000080e00000, 0x0000000100000000)
  region size 1024K, 21 young (21504K), 2 survivors (2048K)
 Metaspace       used 61929K, committed 62464K, reserved 1105920K
  class space    used 8219K, committed 8448K, reserved 1048576K
}
Event: 13.048 GC heap after
{Heap after GC invocations=19 (full 0):
 garbage-first heap   total 68608K, used 36508K [0x0000000080e00000, 0x0000000100000000)
  region size 1024K, 2 young (2048K), 2 survivors (2048K)
 Metaspace       used 61929K, committed 62464K, reserved 1105920K
  class space    used 8219K, committed 8448K, reserved 1048576K
}
Event: 13.478 GC heap before
{Heap before GC invocations=19 (full 0):
 garbage-first heap   total 68608K, used 55964K [0x0000000080e00000, 0x0000000100000000)
  region size 1024K, 21 young (21504K), 2 survivors (2048K)
 Metaspace       used 67083K, committed 67584K, reserved 1114112K
  class space    used 9112K, committed 9344K, reserved 1048576K
}
Event: 13.481 GC heap after
{Heap after GC invocations=20 (full 0):
 garbage-first heap   total 68608K, used 37194K [0x0000000080e00000, 0x0000000100000000)
  region size 1024K, 2 young (2048K), 2 survivors (2048K)
 Metaspace       used 67083K, committed 67584K, reserved 1114112K
  class space    used 9112K, committed 9344K, reserved 1048576K
}
Event: 13.769 GC heap before
{Heap before GC invocations=21 (full 0):
 garbage-first heap   total 70656K, used 54602K [0x0000000080e00000, 0x0000000100000000)
  region size 1024K, 20 young (20480K), 2 survivors (2048K)
 Metaspace       used 69130K, committed 69632K, reserved 1114112K
  class space    used 9419K, committed 9664K, reserved 1048576K
}
Event: 13.772 GC heap after
{Heap after GC invocations=22 (full 0):
 garbage-first heap   total 70656K, used 37546K [0x0000000080e00000, 0x0000000100000000)
  region size 1024K, 2 young (2048K), 2 survivors (2048K)
 Metaspace       used 69130K, committed 69632K, reserved 1114112K
  class space    used 9419K, committed 9664K, reserved 1048576K
}
Event: 13.795 GC heap before
{Heap before GC invocations=22 (full 0):
 garbage-first heap   total 70656K, used 38570K [0x0000000080e00000, 0x0000000100000000)
  region size 1024K, 3 young (3072K), 2 survivors (2048K)
 Metaspace       used 69368K, committed 69888K, reserved 1114112K
  class space    used 9470K, committed 9728K, reserved 1048576K
}
Event: 13.798 GC heap after
{Heap after GC invocations=23 (full 0):
 garbage-first heap   total 70656K, used 37855K [0x0000000080e00000, 0x0000000100000000)
  region size 1024K, 1 young (1024K), 1 survivors (1024K)
 Metaspace       used 69368K, committed 69888K, reserved 1114112K
  class space    used 9470K, committed 9728K, reserved 1048576K
}
Event: 14.177 GC heap before
{Heap before GC invocations=23 (full 0):
 garbage-first heap   total 70656K, used 58335K [0x0000000080e00000, 0x0000000100000000)
  region size 1024K, 21 young (21504K), 1 survivors (1024K)
 Metaspace       used 72842K, committed 73344K, reserved 1114112K
  class space    used 9944K, committed 10176K, reserved 1048576K
}
Event: 14.180 GC heap after
{Heap after GC invocations=24 (full 0):
 garbage-first heap   total 70656K, used 39286K [0x0000000080e00000, 0x0000000100000000)
  region size 1024K, 2 young (2048K), 2 survivors (2048K)
 Metaspace       used 72842K, committed 73344K, reserved 1114112K
  class space    used 9944K, committed 10176K, reserved 1048576K
}
Event: 14.451 GC heap before
{Heap before GC invocations=25 (full 0):
 garbage-first heap   total 75776K, used 58742K [0x0000000080e00000, 0x0000000100000000)
  region size 1024K, 21 young (21504K), 2 survivors (2048K)
 Metaspace       used 74297K, committed 74816K, reserved 1114112K
  class space    used 10198K, committed 10432K, reserved 1048576K
}
Event: 14.454 GC heap after
{Heap after GC invocations=26 (full 0):
 garbage-first heap   total 75776K, used 40450K [0x0000000080e00000, 0x0000000100000000)
  region size 1024K, 2 young (2048K), 2 survivors (2048K)
 Metaspace       used 74297K, committed 74816K, reserved 1114112K
  class space    used 10198K, committed 10432K, reserved 1048576K
}
Event: 14.476 GC heap before
{Heap before GC invocations=26 (full 0):
 garbage-first heap   total 75776K, used 41474K [0x0000000080e00000, 0x0000000100000000)
  region size 1024K, 3 young (3072K), 2 survivors (2048K)
 Metaspace       used 74378K, committed 74880K, reserved 1114112K
  class space    used 10207K, committed 10432K, reserved 1048576K
}
Event: 14.480 GC heap after
{Heap after GC invocations=27 (full 0):
 garbage-first heap   total 75776K, used 40179K [0x0000000080e00000, 0x0000000100000000)
  region size 1024K, 1 young (1024K), 1 survivors (1024K)
 Metaspace       used 74378K, committed 74880K, reserved 1114112K
  class space    used 10207K, committed 10432K, reserved 1048576K
}
Event: 14.663 GC heap before
{Heap before GC invocations=27 (full 0):
 garbage-first heap   total 75776K, used 61683K [0x0000000080e00000, 0x0000000100000000)
  region size 1024K, 22 young (22528K), 1 survivors (1024K)
 Metaspace       used 75167K, committed 75648K, reserved 1122304K
  class space    used 10293K, committed 10496K, reserved 1048576K
}
Event: 14.665 GC heap after
{Heap after GC invocations=28 (full 0):
 garbage-first heap   total 146432K, used 40861K [0x0000000080e00000, 0x0000000100000000)
  region size 1024K, 1 young (1024K), 1 survivors (1024K)
 Metaspace       used 75167K, committed 75648K, reserved 1122304K
  class space    used 10293K, committed 10496K, reserved 1048576K
}
Event: 15.505 GC heap before
{Heap before GC invocations=29 (full 0):
 garbage-first heap   total 146432K, used 116637K [0x0000000080e00000, 0x0000000100000000)
  region size 1024K, 75 young (76800K), 1 survivors (1024K)
 Metaspace       used 78029K, committed 78528K, reserved 1122304K
  class space    used 10894K, committed 11136K, reserved 1048576K
}
Event: 15.514 GC heap after
{Heap after GC invocations=30 (full 0):
 garbage-first heap   total 146432K, used 48725K [0x0000000080e00000, 0x0000000100000000)
  region size 1024K, 9 young (9216K), 9 survivors (9216K)
 Metaspace       used 78029K, committed 78528K, reserved 1122304K
  class space    used 10894K, committed 11136K, reserved 1048576K
}
Event: 17.146 GC heap before
{Heap before GC invocations=30 (full 0):
 garbage-first heap   total 146432K, used 114261K [0x0000000080e00000, 0x0000000100000000)
  region size 1024K, 73 young (74752K), 9 survivors (9216K)
 Metaspace       used 82594K, committed 83200K, reserved 1122304K
  class space    used 11563K, committed 11840K, reserved 1048576K
}
Event: 17.154 GC heap after
{Heap after GC invocations=31 (full 0):
 garbage-first heap   total 146432K, used 48358K [0x0000000080e00000, 0x0000000100000000)
  region size 1024K, 4 young (4096K), 4 survivors (4096K)
 Metaspace       used 82594K, committed 83200K, reserved 1122304K
  class space    used 11563K, committed 11840K, reserved 1048576K
}

Deoptimization events (20 events):
Event: 19.318 Thread 0x000002b918227480 Uncommon trap: trap_request=0xffffffde fr.pc=0x000002b92770df78 relative=0x00000000000006b8
Event: 19.318 Thread 0x000002b918227480 Uncommon trap: reason=class_check action=maybe_recompile pc=0x000002b92770df78 method=org.springframework.core.annotation.AnnotationsScanner.isWithoutHierarchy(Ljava/lang/reflect/AnnotatedElement;Lorg/springframework/core/annotation/MergedAnnotations$Sear
Event: 19.318 Thread 0x000002b918227480 DEOPT PACKING pc=0x000002b92770df78 sp=0x000000fb49efd510
Event: 19.318 Thread 0x000002b918227480 DEOPT UNPACKING pc=0x000002b9270123a3 sp=0x000000fb49efd380 mode 2
Event: 19.318 Thread 0x000002b918227480 Uncommon trap: trap_request=0xffffffde fr.pc=0x000002b9277a634c relative=0x00000000000007cc
Event: 19.318 Thread 0x000002b918227480 Uncommon trap: reason=class_check action=maybe_recompile pc=0x000002b9277a634c method=org.springframework.core.annotation.AnnotationsScanner.processClassHierarchy(Ljava/lang/Object;[ILjava/lang/Class;Lorg/springframework/core/annotation/AnnotationsProcess
Event: 19.318 Thread 0x000002b918227480 DEOPT PACKING pc=0x000002b9277a634c sp=0x000000fb49efd290
Event: 19.318 Thread 0x000002b918227480 DEOPT UNPACKING pc=0x000002b9270123a3 sp=0x000000fb49efd240 mode 2
Event: 19.319 Thread 0x000002b918227480 Uncommon trap: trap_request=0xffffffde fr.pc=0x000002b92770df78 relative=0x00000000000006b8
Event: 19.319 Thread 0x000002b918227480 Uncommon trap: reason=class_check action=maybe_recompile pc=0x000002b92770df78 method=org.springframework.core.annotation.AnnotationsScanner.isWithoutHierarchy(Ljava/lang/reflect/AnnotatedElement;Lorg/springframework/core/annotation/MergedAnnotations$Sear
Event: 19.319 Thread 0x000002b918227480 DEOPT PACKING pc=0x000002b92770df78 sp=0x000000fb49efd470
Event: 19.319 Thread 0x000002b918227480 DEOPT UNPACKING pc=0x000002b9270123a3 sp=0x000000fb49efd2e0 mode 2
Event: 19.319 Thread 0x000002b918227480 Uncommon trap: trap_request=0xffffffde fr.pc=0x000002b9277a634c relative=0x00000000000007cc
Event: 19.319 Thread 0x000002b918227480 Uncommon trap: reason=class_check action=maybe_recompile pc=0x000002b9277a634c method=org.springframework.core.annotation.AnnotationsScanner.processClassHierarchy(Ljava/lang/Object;[ILjava/lang/Class;Lorg/springframework/core/annotation/AnnotationsProcess
Event: 19.319 Thread 0x000002b918227480 DEOPT PACKING pc=0x000002b9277a634c sp=0x000000fb49efd1f0
Event: 19.319 Thread 0x000002b918227480 DEOPT UNPACKING pc=0x000002b9270123a3 sp=0x000000fb49efd1a0 mode 2
Event: 19.320 Thread 0x000002b918227480 Uncommon trap: trap_request=0xffffffc6 fr.pc=0x000002b927708984 relative=0x0000000000000144
Event: 19.320 Thread 0x000002b918227480 Uncommon trap: reason=bimorphic_or_optimized_type_check action=maybe_recompile pc=0x000002b927708984 method=org.springframework.core.annotation.AnnotationsScanner.processMethodInheritedAnnotations(Ljava/lang/Object;Ljava/lang/reflect/Method;Lorg/springfra
Event: 19.320 Thread 0x000002b918227480 DEOPT PACKING pc=0x000002b927708984 sp=0x000000fb49efd310
Event: 19.320 Thread 0x000002b918227480 DEOPT UNPACKING pc=0x000002b9270123a3 sp=0x000000fb49efd218 mode 2

Classes unloaded (0 events):
No events

Classes redefined (0 events):
No events

Internal exceptions (20 events):
Event: 16.471 Thread 0x000002b918227480 Implicit null exception at 0x000002b9277ebf20 to 0x000002b9277ec4f9
Event: 16.472 Thread 0x000002b918227480 Exception <a 'java/lang/reflect/InvocationTargetException'{0x0000000086549018}> (0x0000000086549018) 
thrown [s\open\src\hotspot\share\runtime\reflection.cpp, line 1121]
Event: 16.475 Thread 0x000002b918227480 Exception <a 'java/lang/reflect/InvocationTargetException'{0x00000000865522e8}> (0x00000000865522e8) 
thrown [s\open\src\hotspot\share\runtime\reflection.cpp, line 1121]
Event: 17.167 Thread 0x000002b918227480 Exception <a 'java/lang/IncompatibleClassChangeError'{0x0000000089c50f88}: Found class java.lang.Object, but interface was expected> (0x0000000089c50f88) 
thrown [s\open\src\hotspot\share\interpreter\linkResolver.cpp, line 826]
Event: 17.616 Thread 0x000002b918227480 Implicit null exception at 0x000002b9277045c6 to 0x000002b9277049bf
Event: 17.693 Thread 0x000002b918227480 Exception <a 'java/lang/NoSuchMethodError'{0x00000000894a1cc8}: 'java.lang.Object java.lang.invoke.DirectMethodHandle$Holder.invokeInterface(java.lang.Object, java.lang.Object, java.lang.Object, java.lang.Object)'> (0x00000000894a1cc8) 
thrown [s\open\src\hotspot\share\interpreter\linkResolver.cpp, line 759]
Event: 17.795 Thread 0x000002b918227480 Exception <a 'java/lang/NoSuchMethodError'{0x00000000892e62f8}: 'void java.lang.invoke.DirectMethodHandle$Holder.invokeVirtual(java.lang.Object, java.lang.Object, long)'> (0x00000000892e62f8) 
thrown [s\open\src\hotspot\share\interpreter\linkResolver.cpp, line 759]
Event: 18.117 Thread 0x000002b918227480 Implicit null exception at 0x000002b927758060 to 0x000002b9277582ac
Event: 18.543 Thread 0x000002b918227480 Exception <a 'java/lang/IncompatibleClassChangeError'{0x00000000881bb6a8}: Found class java.lang.Object, but interface was expected> (0x00000000881bb6a8) 
thrown [s\open\src\hotspot\share\interpreter\linkResolver.cpp, line 826]
Event: 18.607 Thread 0x000002b918227480 Exception <a 'java/lang/NoSuchMethodError'{0x0000000087f6e6a0}: 'java.lang.Object java.lang.invoke.DirectMethodHandle$Holder.newInvokeSpecial(java.lang.Object, java.lang.Object, int, java.lang.Object, java.lang.Object)'> (0x0000000087f6e6a0) 
thrown [s\open\src\hotspot\share\interpreter\linkResolver.cpp, line 759]
Event: 18.614 Thread 0x000002b918227480 Exception <a 'java/lang/NoSuchMethodError'{0x0000000087f7a0e0}: 'java.lang.Object java.lang.invoke.DirectMethodHandle$Holder.invokeSpecial(java.lang.Object, java.lang.Object, int, java.lang.Object, int, java.lang.Object)'> (0x0000000087f7a0e0) 
thrown [s\open\src\hotspot\share\interpreter\linkResolver.cpp, line 759]
Event: 18.615 Thread 0x000002b918227480 Exception <a 'java/lang/NoSuchMethodError'{0x0000000087f826f0}: 'java.lang.Object java.lang.invoke.DirectMethodHandle$Holder.newInvokeSpecial(java.lang.Object, java.lang.Object, int, java.lang.Object, int)'> (0x0000000087f826f0) 
thrown [s\open\src\hotspot\share\interpreter\linkResolver.cpp, line 759]
Event: 18.616 Thread 0x000002b918227480 Exception <a 'java/lang/NoSuchMethodError'{0x0000000087f86cf8}: 'java.lang.Object java.lang.invoke.DirectMethodHandle$Holder.invokeSpecial(java.lang.Object, java.lang.Object, java.lang.Object, int, java.lang.Object, int)'> (0x0000000087f86cf8) 
thrown [s\open\src\hotspot\share\interpreter\linkResolver.cpp, line 759]
Event: 18.685 Thread 0x000002b918227480 Implicit null exception at 0x000002b9275b3ae0 to 0x000002b9275b43e4
Event: 18.915 Thread 0x000002b918227480 Exception <a 'java/lang/NoSuchMethodError'{0x000000008779a6a0}: 'java.lang.Object java.lang.invoke.DirectMethodHandle$Holder.invokeStaticInit(java.lang.Object, java.lang.Object, java.lang.Object, java.lang.Object, java.lang.Object)'> (0x000000008779a6a0) 
thrown [s\open\src\hotspot\share\interpreter\linkResolver.cpp, line 759]
Event: 18.994 Thread 0x000002b918227480 Exception <a 'java/lang/NoSuchMethodError'{0x0000000087527ff0}: 'java.lang.Object java.lang.invoke.DirectMethodHandle$Holder.invokeStaticInit(java.lang.Object, java.lang.Object, int)'> (0x0000000087527ff0) 
thrown [s\open\src\hotspot\share\interpreter\linkResolver.cpp, line 759]
Event: 19.222 Thread 0x000002b918227480 Exception <a 'java/lang/NoSuchMethodError'{0x00000000874cf600}: 'void java.lang.invoke.DirectMethodHandle$Holder.invokeStaticInit(java.lang.Object, java.lang.Object, java.lang.Object, java.lang.Object)'> (0x00000000874cf600) 
thrown [s\open\src\hotspot\share\interpreter\linkResolver.cpp, line 759]
Event: 19.401 Thread 0x000002b918227480 Exception <a 'java/lang/reflect/InvocationTargetException'{0x00000000870e4a10}> (0x00000000870e4a10) 
thrown [s\open\src\hotspot\share\runtime\reflection.cpp, line 1121]
Event: 19.422 Thread 0x000002b918227480 Exception <a 'java/lang/NoSuchMethodError'{0x0000000086f030b8}: 'void java.lang.invoke.DirectMethodHandle$Holder.invokeStatic(java.lang.Object, long)'> (0x0000000086f030b8) 
thrown [s\open\src\hotspot\share\interpreter\linkResolver.cpp, line 759]
Event: 19.426 Thread 0x000002b918227480 Exception <a 'java/lang/NoSuchMethodError'{0x0000000086f08a30}: 'java.lang.Object java.lang.invoke.DirectMethodHandle$Holder.newInvokeSpecial(java.lang.Object, long)'> (0x0000000086f08a30) 
thrown [s\open\src\hotspot\share\interpreter\linkResolver.cpp, line 759]

VM Operations (20 events):
Event: 17.616 Executing VM operation: HandshakeAllThreads
Event: 17.617 Executing VM operation: HandshakeAllThreads done
Event: 17.700 Executing VM operation: ICBufferFull
Event: 17.700 Executing VM operation: ICBufferFull done
Event: 17.704 Executing VM operation: HandshakeAllThreads
Event: 17.704 Executing VM operation: HandshakeAllThreads done
Event: 17.853 Executing VM operation: HandshakeAllThreads
Event: 17.853 Executing VM operation: HandshakeAllThreads done
Event: 18.431 Executing VM operation: HandshakeAllThreads
Event: 18.431 Executing VM operation: HandshakeAllThreads done
Event: 18.705 Executing VM operation: HandshakeAllThreads
Event: 18.725 Executing VM operation: HandshakeAllThreads done
Event: 18.725 Executing VM operation: Cleanup
Event: 18.725 Executing VM operation: Cleanup done
Event: 18.866 Executing VM operation: HandshakeAllThreads
Event: 18.866 Executing VM operation: HandshakeAllThreads done
Event: 19.255 Executing VM operation: HandshakeAllThreads
Event: 19.255 Executing VM operation: HandshakeAllThreads done
Event: 19.430 Executing VM operation: HandshakeAllThreads
Event: 19.430 Executing VM operation: HandshakeAllThreads done

Events (20 events):
Event: 19.256 loading class java/nio/ReadOnlyBufferException
Event: 19.256 loading class java/nio/ReadOnlyBufferException done
Event: 19.413 loading class java/util/jar/JarInputStream
Event: 19.413 loading class java/util/zip/ZipInputStream
Event: 19.414 loading class java/util/zip/ZipInputStream done
Event: 19.414 loading class java/util/jar/JarInputStream done
Event: 19.415 loading class sun/security/util/ManifestEntryVerifier
Event: 19.415 loading class sun/security/util/ManifestEntryVerifier done
Event: 19.418 loading class java/lang/ProcessBuilder
Event: 19.418 loading class java/lang/ProcessBuilder done
Event: 19.418 loading class java/lang/ProcessImpl
Event: 19.419 loading class java/lang/ProcessImpl done
Event: 19.426 loading class java/lang/ProcessImpl$2
Event: 19.428 loading class java/lang/ProcessImpl$2 done
Event: 19.428 loading class java/lang/Process$PipeInputStream
Event: 19.429 loading class java/lang/Process$PipeInputStream done
Event: 19.430 loading class jdk/internal/event/ProcessStartEvent
Event: 19.430 loading class jdk/internal/event/Event
Event: 19.431 loading class jdk/internal/event/Event done
Event: 19.431 loading class jdk/internal/event/ProcessStartEvent done


Dynamic libraries:
0x00007ff688cb0000 - 0x00007ff688cc0000 	C:\Program Files\Java\jdk-17\bin\java.exe
0x00007ffff7810000 - 0x00007ffff7a08000 	C:\Windows\SYSTEM32\ntdll.dll
0x00007ffff58f0000 - 0x00007ffff59af000 	C:\Windows\System32\KERNEL32.DLL
0x00007ffff5260000 - 0x00007ffff5532000 	C:\Windows\System32\KERNELBASE.dll
0x00007ffff5600000 - 0x00007ffff5700000 	C:\Windows\System32\ucrtbase.dll
0x00007fffe54a0000 - 0x00007fffe54b9000 	C:\Program Files\Java\jdk-17\bin\jli.dll
0x00007fffe54c0000 - 0x00007fffe54db000 	C:\Program Files\Java\jdk-17\bin\VCRUNTIME140.dll
0x00007ffff66c0000 - 0x00007ffff676e000 	C:\Windows\System32\ADVAPI32.dll
0x00007ffff60c0000 - 0x00007ffff615e000 	C:\Windows\System32\msvcrt.dll
0x00007ffff5850000 - 0x00007ffff58ec000 	C:\Windows\System32\sechost.dll
0x00007ffff5ee0000 - 0x00007ffff6005000 	C:\Windows\System32\RPCRT4.dll
0x00007fffe4310000 - 0x00007fffe45aa000 	C:\Windows\WinSxS\amd64_microsoft.windows.common-controls_6595b64144ccf1df_6.0.19041.1110_none_60b5254171f9507e\COMCTL32.dll
0x00007ffff6160000 - 0x00007ffff6301000 	C:\Windows\System32\USER32.dll
0x00007ffff5a40000 - 0x00007ffff5a6b000 	C:\Windows\System32\GDI32.dll
0x00007ffff55d0000 - 0x00007ffff55f2000 	C:\Windows\System32\win32u.dll
0x00007ffff4f50000 - 0x00007ffff505f000 	C:\Windows\System32\gdi32full.dll
0x00007ffff57b0000 - 0x00007ffff584d000 	C:\Windows\System32\msvcp_win.dll
0x00007fffeeb40000 - 0x00007fffeeb4a000 	C:\Windows\SYSTEM32\VERSION.dll
0x00007ffff7630000 - 0x00007ffff7662000 	C:\Windows\System32\IMM32.DLL
0x00007ffff26a0000 - 0x00007ffff26ac000 	C:\Program Files\Java\jdk-17\bin\vcruntime140_1.dll
0x00007fffdcd20000 - 0x00007fffdcdae000 	C:\Program Files\Java\jdk-17\bin\msvcp140.dll
0x00007fffa80c0000 - 0x00007fffa8c9d000 	C:\Program Files\Java\jdk-17\bin\server\jvm.dll
0x00007ffff6920000 - 0x00007ffff6928000 	C:\Windows\System32\PSAPI.DLL
0x00007fffee140000 - 0x00007fffee167000 	C:\Windows\SYSTEM32\WINMM.dll
0x00007fffdf9d0000 - 0x00007fffdf9d9000 	C:\Windows\SYSTEM32\WSOCK32.dll
0x00007ffff6e70000 - 0x00007ffff6edb000 	C:\Windows\System32\WS2_32.dll
0x00007ffff2da0000 - 0x00007ffff2db2000 	C:\Windows\SYSTEM32\kernel.appcore.dll
0x00007fffebba0000 - 0x00007fffebbaa000 	C:\Program Files\Java\jdk-17\bin\jimage.dll
0x00007fffdc090000 - 0x00007fffdc274000 	C:\Windows\SYSTEM32\DBGHELP.DLL
0x00007fffdbf80000 - 0x00007fffdbfb5000 	C:\Windows\SYSTEM32\dbgcore.DLL
0x00007ffff5540000 - 0x00007ffff55c2000 	C:\Windows\System32\bcryptPrimitives.dll
0x00007ffff0940000 - 0x00007ffff094e000 	C:\Program Files\Java\jdk-17\bin\instrument.dll
0x00007fffe51f0000 - 0x00007fffe5215000 	C:\Program Files\Java\jdk-17\bin\java.dll
0x00007fffd7220000 - 0x00007fffd72f7000 	C:\Program Files\Java\jdk-17\bin\jsvml.dll
0x00007ffff6ee0000 - 0x00007ffff7624000 	C:\Windows\System32\SHELL32.dll
0x00007ffff2fa0000 - 0x00007ffff3732000 	C:\Windows\SYSTEM32\windows.storage.dll
0x00007ffff6930000 - 0x00007ffff6c85000 	C:\Windows\System32\combase.dll
0x00007ffff4880000 - 0x00007ffff48b0000 	C:\Windows\SYSTEM32\Wldp.dll
0x00007ffff6010000 - 0x00007ffff60bd000 	C:\Windows\System32\SHCORE.dll
0x00007ffff63f0000 - 0x00007ffff6445000 	C:\Windows\System32\shlwapi.dll
0x00007ffff4e40000 - 0x00007ffff4e5f000 	C:\Windows\SYSTEM32\profapi.dll
0x00007fffe51d0000 - 0x00007fffe51e8000 	C:\Program Files\Java\jdk-17\bin\zip.dll
0x00007fffe5480000 - 0x00007fffe5499000 	C:\Program Files\Java\jdk-17\bin\net.dll
0x00007fffec740000 - 0x00007fffec84c000 	C:\Windows\SYSTEM32\WINHTTP.dll
0x00007ffff4660000 - 0x00007ffff46ca000 	C:\Windows\system32\mswsock.dll
0x00007fffe53f0000 - 0x00007fffe5406000 	C:\Program Files\Java\jdk-17\bin\nio.dll
0x00007fffebd40000 - 0x00007fffebd5a000 	I:\Program Files\IntelliJ IDEA 2023.1.3\bin\breakgen64.dll
0x00007fffe4650000 - 0x00007fffe4660000 	C:\Program Files\Java\jdk-17\bin\verify.dll
0x00007ffff4bb0000 - 0x00007ffff4bc8000 	C:\Windows\SYSTEM32\CRYPTSP.dll
0x00007ffff3f30000 - 0x00007ffff3f64000 	C:\Windows\system32\rsaenh.dll
0x00007ffff51c0000 - 0x00007ffff51e7000 	C:\Windows\System32\bcrypt.dll
0x00007ffff4e00000 - 0x00007ffff4e2e000 	C:\Windows\SYSTEM32\USERENV.dll
0x00007ffff47f0000 - 0x00007ffff47fc000 	C:\Windows\SYSTEM32\CRYPTBASE.dll
0x00007ffff4320000 - 0x00007ffff435b000 	C:\Windows\SYSTEM32\IPHLPAPI.DLL
0x00007ffff6590000 - 0x00007ffff6598000 	C:\Windows\System32\NSI.dll
0x00007fffee4f0000 - 0x00007fffee507000 	C:\Windows\SYSTEM32\dhcpcsvc6.DLL
0x00007fffee0b0000 - 0x00007fffee0cd000 	C:\Windows\SYSTEM32\dhcpcsvc.DLL
0x00007ffff4360000 - 0x00007ffff442a000 	C:\Windows\SYSTEM32\DNSAPI.dll
0x00007fffebd10000 - 0x00007fffebd1d000 	C:\Program Files\Java\jdk-17\bin\sunmscapi.dll
0x00007ffff5060000 - 0x00007ffff51b6000 	C:\Windows\System32\CRYPT32.dll
0x00007ffff48f0000 - 0x00007ffff4917000 	C:\Windows\SYSTEM32\ncrypt.dll
0x00007ffff48b0000 - 0x00007ffff48eb000 	C:\Windows\SYSTEM32\NTASN1.dll
0x00007fffebd30000 - 0x00007fffebd3a000 	C:\Program Files\Java\jdk-17\bin\management.dll
0x00007fffebd20000 - 0x00007fffebd2b000 	C:\Program Files\Java\jdk-17\bin\management_ext.dll
0x00007fffeb240000 - 0x00007fffeb24a000 	C:\Windows\System32\rasadhlp.dll
0x00007fffeb2c0000 - 0x00007fffeb340000 	C:\Windows\System32\fwpuclnt.dll
0x00007fffeab50000 - 0x00007fffeab67000 	C:\Windows\system32\napinsp.dll
0x00007fffea7f0000 - 0x00007fffea80b000 	C:\Windows\system32\pnrpnsp.dll
0x00007fffefcb0000 - 0x00007fffefcc5000 	C:\Windows\system32\wshbth.dll
0x00007ffff08d0000 - 0x00007ffff08ed000 	C:\Windows\system32\NLAapi.dll
0x00007fffea7d0000 - 0x00007fffea7e2000 	C:\Windows\System32\winrnr.dll
0x00007fffebe80000 - 0x00007fffebe87000 	C:\Windows\system32\wshunix.dll

dbghelp: loaded successfully - version: 4.0.5 - missing functions: none
symbol engine: initialized successfully - sym options: 0x614 - pdb path: .;C:\Program Files\Java\jdk-17\bin;C:\Windows\SYSTEM32;C:\Windows\WinSxS\amd64_microsoft.windows.common-controls_6595b64144ccf1df_6.0.19041.1110_none_60b5254171f9507e;C:\Program Files\Java\jdk-17\bin\server;I:\Program Files\IntelliJ IDEA 2023.1.3\bin

VM Arguments:
jvm_args: -ea -Didea.test.cyclic.buffer.size=1048576 -javaagent:I:\Program Files\IntelliJ IDEA 2023.1.3\lib\idea_rt.jar=10904:I:\Program Files\IntelliJ IDEA 2023.1.3\bin -Dfile.encoding=UTF-8 
java_command: com.intellij.rt.junit.JUnitStarter -ideVersion5 -junit5 @w@C:\Users\Slava\AppData\Local\Temp\idea_working_dirs_junit.tmp @C:\Users\Slava\AppData\Local\Temp\idea_junit.tmp
java_class_path (initial): C:\Users\Slava\.m2\repository\org\junit\platform\junit-platform-launcher\1.9.3\junit-platform-launcher-1.9.3.jar;C:\Users\Slava\.m2\repository\org\junit\vintage\junit-vintage-engine\5.9.3\junit-vintage-engine-5.9.3.jar;I:\Program Files\IntelliJ IDEA 2023.1.3\lib\idea_rt.jar;I:\Program Files\IntelliJ IDEA 2023.1.3\plugins\junit\lib\junit5-rt.jar;I:\Program Files\IntelliJ IDEA 2023.1.3\plugins\junit\lib\junit-rt.jar;E:\java\secret-room-website\backend\target\test-classes;E:\java\secret-room-website\backend\target\classes;C:\Users\Slava\.m2\repository\org\springframework\boot\spring-boot-starter-data-jpa\3.1.0\spring-boot-starter-data-jpa-3.1.0.jar;C:\Users\Slava\.m2\repository\org\springframework\boot\spring-boot-starter-aop\3.1.0\spring-boot-starter-aop-3.1.0.jar;C:\Users\Slava\.m2\repository\org\aspectj\aspectjweaver\1.9.19\aspectjweaver-1.9.19.jar;C:\Users\Slava\.m2\repository\org\springframework\boot\spring-boot-starter-jdbc\3.1.0\spring-boot-starter-jdbc-3.1.0.jar;C:\Users\Slava\.m2\repository\com\zaxxer\HikariCP\5.0.1\HikariCP-5.0.1.jar;C:\Users\Slava\.m2\repository\org\springframework\spring-jdbc\6.0.9\spring-jdbc-6.0.9.jar;C:\Users\Slava\.m2\repository\org\hibernate\orm\hibernate-core\6.2.2.Final\hibernate-core-6.2.2.Final.jar;C:\Users\Slava\.m2\repository\jakarta\persistence\jakarta.persistence-api\3.1.0\jakarta.persistence-api-3.1.0.jar;C:\Users\Slava\.m2\repository\jakarta\transaction\jakarta.transaction-api\2.0.1\jakarta.transaction-api-2.0.1.jar;C:\Users\Slava\.m2\repository\org\hibernate\common\hibernate-commons-annotations\6.0.6.Final\hibernate-commons-annotations-6.0.6.Final.jar;C:\Users\Slava\.m2\repository\io\smallrye\jandex\3.0.5\jandex-3.0.5.jar;C:\Users\Slava\.m2\repository\org\glassfish\jaxb\jaxb-runtime\4.0.2\jaxb-runtime-4.0.2.jar;C:\Users\Slava\.m2\repository\jakarta\inject\jakarta.inject-api\2.0.1\jakarta.inject-api-2.0.1.jar;C:\Users\Slava\.m2\repository\org\antlr\antlr4-runtime\4.10.1\antlr4-runtime-4.10.1.jar;C
Launcher Type: SUN_STANDARD

[Global flags]
     intx CICompilerCount                          = 3                                         {product} {ergonomic}
     uint ConcGCThreads                            = 1                                         {product} {ergonomic}
     uint G1ConcRefinementThreads                  = 4                                         {product} {ergonomic}
   size_t G1HeapRegionSize                         = 1048576                                   {product} {ergonomic}
    uintx GCDrainStackTargetSize                   = 64                                        {product} {ergonomic}
   size_t InitialHeapSize                          = 134217728                                 {product} {ergonomic}
   size_t MarkStackSize                            = 4194304                                   {product} {ergonomic}
   size_t MaxHeapSize                              = 2132803584                                {product} {ergonomic}
   size_t MaxNewSize                               = 1279262720                                {product} {ergonomic}
   size_t MinHeapDeltaBytes                        = 1048576                                   {product} {ergonomic}
   size_t MinHeapSize                              = 8388608                                   {product} {ergonomic}
    uintx NonNMethodCodeHeapSize                   = 5832780                                {pd product} {ergonomic}
    uintx NonProfiledCodeHeapSize                  = 122912730                              {pd product} {ergonomic}
    uintx ProfiledCodeHeapSize                     = 122912730                              {pd product} {ergonomic}
    uintx ReservedCodeCacheSize                    = 251658240                              {pd product} {ergonomic}
     bool SegmentedCodeCache                       = true                                      {product} {ergonomic}
   size_t SoftMaxHeapSize                          = 2132803584                             {manageable} {ergonomic}
     bool UseCompressedClassPointers               = true                           {product lp64_product} {ergonomic}
     bool UseCompressedOops                        = true                           {product lp64_product} {ergonomic}
     bool UseG1GC                                  = true                                      {product} {ergonomic}
     bool UseLargePagesIndividualAllocation        = false                                  {pd product} {ergonomic}

Logging:
Log output configuration:
 #0: stdout all=warning uptime,level,tags
 #1: stderr all=off uptime,level,tags

Environment Variables:
JAVA_HOME=C:\Program Files\Java\jdk-17
PATH=C:\Python311\Scripts\;C:\Python311\;C:\Program Files\Common Files\Oracle\Java\javapath;C:\Program Files (x86)\Common Files\Oracle\Java\javapath;C:\Windows\system32;C:\Windows;C:\Windows\System32\Wbem;C:\Windows\System32\WindowsPowerShell\v1.0\;C:\Windows\System32\OpenSSH\;C:\Program Files\Git\cmd;C:\ProgramData\chocolatey\bin;C:\Program Files\nodejs\;C:\Program Files\Docker\Docker\resources\bin;E:\Programs\Workstation\bin\;C:\Program Files (x86)\Common Files\Oracle\Java\javapath;C:\Windows\system32;C:\Windows;C:\Windows\System32\Wbem;C:\Windows\System32\WindowsPowerShell\v1.0\;C:\Windows\System32\OpenSSH\;C:\Program Files\Git\cmd;C:\Users\Slava\AppData\Local\Microsoft\WindowsApps;E:\Programs\IntelliJ IDEA 2022.3.1\bin;I:\Programs (x86)\apache-maven-3.9.0-bin\apache-maven-3.9.0\bin;I:\Programs (x86)\Microsoft VS Code\bin;I:\Programs (x86)\WebStorm 2023.1.1\bin;;C:\Users\Slava\AppData\Roaming\npm;I:\Program Files\nodejs\npm;I:\Program Files\nodejs\node;C:\Users\Slava\AppData\Roaming\npm;I:\Program Files\IntelliJ IDEA 2023.1.3\bin;
USERNAME=Slava
OS=Windows_NT
PROCESSOR_IDENTIFIER=Intel64 Family 6 Model 94 Stepping 3, GenuineIntel



---------------  S Y S T E M  ---------------

OS:
 Windows 10 , 64 bit Build 19041 (10.0.19041.2364)
OS uptime: 0 days 5:52 hours
Hyper-V role detected

CPU: total 4 (initial active 4) (4 cores per cpu, 1 threads per core) family 6 model 94 stepping 3 microcode 0xcc, cx8, cmov, fxsr, mmx, 3dnowpref, sse, sse2, sse3, ssse3, sse4.1, sse4.2, popcnt, lzcnt, tsc, tscinvbit, avx, avx2, aes, erms, clmul, bmi1, bmi2, rtm, adx, fma, vzeroupper, clflush, clflushopt, hv

Memory: 4k page, system-wide physical 8128M (344M free)
TotalPageFile size 16687M (AvailPageFile size 14M)
current process WorkingSet (physical memory assigned to process): 394M, peak: 398M
current process commit charge ("private bytes"): 430M, peak: 433M

vm_info: Java HotSpot(TM) 64-Bit Server VM (17.0.7+8-LTS-224) for windows-amd64 JRE (17.0.7+8-LTS-224), built on Feb 28 2023 23:03:02 by "mach5one" with MS VC++ 17.1 (VS2022)

END.
