#
# A fatal error has been detected by the Java Runtime Environment:
#
#  EXCEPTION_ACCESS_VIOLATION (0xc0000005) at pc=0x00007fffebba1bc5, pid=13684, tid=9376
#
# JRE version:  (17.0.7+8) (build )
# Java VM: Java HotSpot(TM) 64-Bit Server VM (17.0.7+8-LTS-224, mixed mode, sharing, tiered, unknown gc, windows-amd64)
# Problematic frame:
# C  [jimage.dll+0x1bc5]
#
# No core dump will be written. Minidumps are not enabled by default on client versions of Windows
#
#

---------------  S U M M A R Y ------------

Command Line: 

Host: Intel(R) Core(TM) i5-6500 CPU @ 3.20GHz, 4 cores, 7G,  Windows 10 , 64 bit Build 19041 (10.0.19041.2364)
Time: Fri Sep  8 23:05:04 2023  Windows 10 , 64 bit Build 19041 (10.0.19041.2364) elapsed time: 0.020480 seconds (0d 0h 0m 0s)

---------------  T H R E A D  ---------------

Current thread is native thread

Stack: [0x000000c7af800000,0x000000c7af900000],  sp=0x000000c7af8fd650,  free space=1013k
Native frames: (J=compiled Java code, j=interpreted, Vv=VM code, C=native code)
C  [jimage.dll+0x1bc5]
C  [jimage.dll+0x1d53]
C  [jimage.dll+0x2619]
V  [jvm.dll+0x1f0d9a]
V  [jvm.dll+0xaf14e]
V  [jvm.dll+0x787edc]
V  [jvm.dll+0x3ea5ef]
V  [jvm.dll+0x3ec071]
C  [jli.dll+0x5297]
C  [ucrtbase.dll+0x21bb2]
C  [KERNEL32.DLL+0x17614]
C  [ntdll.dll+0x526a1]


siginfo: EXCEPTION_ACCESS_VIOLATION (0xc0000005), reading address 0x000000000001a728


Registers:
RAX=0x00000000000069c3, RBX=0x000000c7af8fd741, RCX=0x00007fffebba6000, RDX=0x00000000000069c3
RSP=0x000000c7af8fd650, RBP=0x000000c7af8fd740, RSI=0x00000000000071ed, RDI=0x000000c7af8fd740
R8 =0x00007fffebba4298, R9 =0x000000000000001c, R10=0x00007fffe54c0000, R11=0x00007fffebba6000
R12=0x0000000000000000, R13=0x0000026110a93ec0, R14=0x000000c7af8fe7b0, R15=0x00007fffa899b258
RIP=0x00007fffebba1bc5, EFLAGS=0x0000000000010246

Top of Stack: (sp=0x000000c7af8fd650)
0x000000c7af8fd650:   000000000000025a 00000000000003ff
0x000000c7af8fd660:   0000026110b16210 000000c7af8fd7c0
0x000000c7af8fd670:   0000026110aa6f30 00007fffebba1d53
0x000000c7af8fd680:   000000000000000b 0000026110aa6f30
0x000000c7af8fd690:   000000c7af8fd6e1 0000000000000101
0x000000c7af8fd6a0:   00000000000006f5 0000026110a80150
0x000000c7af8fd6b0:   00000000000006f5 00000000000006f5
0x000000c7af8fd6c0:   00000000000006f5 000002614e00044a
0x000000c7af8fd6d0:   0000026110a892f0 00007ffff782e249
0x000000c7af8fd6e0:   000004f4fc366c90 000000004e00044a
0x000000c7af8fd6f0:   00007fffa8979d60 0000000000000017
0x000000c7af8fd700:   0000026110aa6f30 000000c7af8fe7b0
0x000000c7af8fd710:   000000000000000b 00007fffebba2619
0x000000c7af8fd720:   0000000000000723 0000000000000723
0x000000c7af8fd730:   0000000000000723 000002614e00044a
0x000000c7af8fd740:   61622e6176616a2f 692f6b646a2f6573 

Instructions: (pc=0x00007fffebba1bc5)
0x00007fffebba1ac5:   48 85 c9 74 1d 80 3d 3f 45 00 00 00 74 06 48 8b
0x00007fffebba1ad5:   53 18 eb 04 48 8b 53 40 e8 96 0e 00 00 48 83 63
0x00007fffebba1ae5:   48 00 8b 4b 0c 83 f9 ff 74 09 e8 cc 0c 00 00 83
0x00007fffebba1af5:   4b 0c ff 48 8b 4b 70 48 85 c9 74 0f ba 10 00 00
0x00007fffebba1b05:   00 e8 ed 0e 00 00 48 83 63 70 00 48 83 c4 20 5b
0x00007fffebba1b15:   c3 cc cc 40 53 48 83 ec 20 48 8b d9 48 8d 0d f8
0x00007fffebba1b25:   46 00 00 e8 9b 0c 00 00 83 6b 08 01 75 24 48 8b
0x00007fffebba1b35:   d3 48 8d 0d db 44 00 00 e8 22 08 00 00 48 8b cb
0x00007fffebba1b45:   e8 d6 fe ff ff ba 78 00 00 00 48 8b cb e8 a1 0e
0x00007fffebba1b55:   00 00 48 8d 0d c2 46 00 00 48 83 c4 20 5b e9 68
0x00007fffebba1b65:   0c 00 00 48 89 5c 24 08 48 89 74 24 10 57 48 83
0x00007fffebba1b75:   ec 20 41 8b f1 4d 8b c8 48 8b fa 4c 8b d9 4d 85
0x00007fffebba1b85:   c0 74 78 85 f6 74 74 44 8a 12 48 8d 5a 01 48 8b
0x00007fffebba1b95:   d3 b8 93 01 00 01 eb 12 69 c0 93 01 00 01 41 0f
0x00007fffebba1ba5:   b6 ca 44 8a 12 33 c1 48 ff c2 45 84 d2 75 e9 4d
0x00007fffebba1bb5:   8b 03 0f ba f0 1f 33 d2 49 8b cb f7 f6 48 63 c2
0x00007fffebba1bc5:   41 8b 14 81 41 ff 50 08 85 c0 7e 24 8a 0f eb 10
0x00007fffebba1bd5:   69 c0 93 01 00 01 0f b6 c9 33 c1 8a 0b 48 ff c3
0x00007fffebba1be5:   84 c9 75 ec 0f ba f0 1f 33 d2 f7 f6 8b c2 eb 0e
0x00007fffebba1bf5:   79 09 83 c9 ff 2b c8 8b c1 eb 03 83 c8 ff 48 8b
0x00007fffebba1c05:   5c 24 30 48 8b 74 24 38 48 83 c4 20 5f c3 cc 48
0x00007fffebba1c15:   89 5c 24 08 48 89 74 24 10 57 48 83 ec 20 48 8b
0x00007fffebba1c25:   f1 48 8d 0d f3 45 00 00 e8 96 0b 00 00 33 ff 39
0x00007fffebba1c35:   3d de 43 00 00 76 24 48 8b 05 dd 43 00 00 48 8b
0x00007fffebba1c45:   d6 48 8b 1c f8 48 8b 0b e8 68 1e 00 00 85 c0 74
0x00007fffebba1c55:   2b ff c7 3b 3d ba 43 00 00 72 dc 33 db 48 8d 0d
0x00007fffebba1c65:   b7 45 00 00 e8 62 0b 00 00 48 8b 74 24 38 48 8b
0x00007fffebba1c75:   c3 48 8b 5c 24 30 48 83 c4 20 5f c3 ff 43 08 eb
0x00007fffebba1c85:   dc cc cc 48 89 5c 24 08 48 89 74 24 10 57 48 83
0x00007fffebba1c95:   ec 20 48 8b d9 48 8b f2 48 8b 49 10 49 8b f8 8b
0x00007fffebba1ca5:   53 30 48 8b 01 ff 50 20 4c 8b 43 50 48 8b d6 48
0x00007fffebba1cb5:   8b 4b 10 44 8b c8 e8 a8 fe ff ff 83 f8 ff 74 38 



---------------  P R O C E S S  ---------------

VM state: not at safepoint (not fully initialized)

VM Mutex/Monitor currently owned by a thread: None

GC Precious Log:
<Not initialized>


Dynamic libraries:
0x00007ff688cb0000 - 0x00007ff688cc0000 	C:\Program Files\Java\jdk-17\bin\java.exe
0x00007ffff7810000 - 0x00007ffff7a08000 	C:\Windows\SYSTEM32\ntdll.dll
0x00007ffff58f0000 - 0x00007ffff59af000 	C:\Windows\System32\KERNEL32.DLL
0x00007ffff5260000 - 0x00007ffff5532000 	C:\Windows\System32\KERNELBASE.dll
0x00007ffff5600000 - 0x00007ffff5700000 	C:\Windows\System32\ucrtbase.dll
0x00007fffe54a0000 - 0x00007fffe54b9000 	C:\Program Files\Java\jdk-17\bin\jli.dll
0x00007ffff66c0000 - 0x00007ffff676e000 	C:\Windows\System32\ADVAPI32.dll
0x00007ffff60c0000 - 0x00007ffff615e000 	C:\Windows\System32\msvcrt.dll
0x00007ffff5850000 - 0x00007ffff58ec000 	C:\Windows\System32\sechost.dll
0x00007ffff5ee0000 - 0x00007ffff6005000 	C:\Windows\System32\RPCRT4.dll
0x00007ffff6160000 - 0x00007ffff6301000 	C:\Windows\System32\USER32.dll
0x00007ffff55d0000 - 0x00007ffff55f2000 	C:\Windows\System32\win32u.dll
0x00007ffff5a40000 - 0x00007ffff5a6b000 	C:\Windows\System32\GDI32.dll
0x00007ffff4f50000 - 0x00007ffff505f000 	C:\Windows\System32\gdi32full.dll
0x00007ffff57b0000 - 0x00007ffff584d000 	C:\Windows\System32\msvcp_win.dll
0x00007fffe54c0000 - 0x00007fffe54db000 	C:\Program Files\Java\jdk-17\bin\VCRUNTIME140.dll
0x00007fffe4310000 - 0x00007fffe45aa000 	C:\Windows\WinSxS\amd64_microsoft.windows.common-controls_6595b64144ccf1df_6.0.19041.1110_none_60b5254171f9507e\COMCTL32.dll
0x00007fffeeb40000 - 0x00007fffeeb4a000 	C:\Windows\SYSTEM32\VERSION.dll
0x00007ffff7630000 - 0x00007ffff7662000 	C:\Windows\System32\IMM32.DLL
0x00007ffff26a0000 - 0x00007ffff26ac000 	C:\Program Files\Java\jdk-17\bin\vcruntime140_1.dll
0x00007fffdcd20000 - 0x00007fffdcdae000 	C:\Program Files\Java\jdk-17\bin\msvcp140.dll
0x00007fffa80c0000 - 0x00007fffa8c9d000 	C:\Program Files\Java\jdk-17\bin\server\jvm.dll
0x00007ffff6920000 - 0x00007ffff6928000 	C:\Windows\System32\PSAPI.DLL
0x00007fffdf9d0000 - 0x00007fffdf9d9000 	C:\Windows\SYSTEM32\WSOCK32.dll
0x00007ffff6e70000 - 0x00007ffff6edb000 	C:\Windows\System32\WS2_32.dll
0x00007fffee140000 - 0x00007fffee167000 	C:\Windows\SYSTEM32\WINMM.dll
0x00007ffff2da0000 - 0x00007ffff2db2000 	C:\Windows\SYSTEM32\kernel.appcore.dll
0x00007fffebba0000 - 0x00007fffebbaa000 	C:\Program Files\Java\jdk-17\bin\jimage.dll
0x00007fffdc090000 - 0x00007fffdc274000 	C:\Windows\SYSTEM32\DBGHELP.DLL
0x00007fffdbf80000 - 0x00007fffdbfb5000 	C:\Windows\SYSTEM32\dbgcore.DLL
0x00007ffff5540000 - 0x00007ffff55c2000 	C:\Windows\System32\bcryptPrimitives.dll

dbghelp: loaded successfully - version: 4.0.5 - missing functions: none
symbol engine: initialized successfully - sym options: 0x614 - pdb path: .;C:\Program Files\Java\jdk-17\bin;C:\Windows\SYSTEM32;C:\Windows\WinSxS\amd64_microsoft.windows.common-controls_6595b64144ccf1df_6.0.19041.1110_none_60b5254171f9507e;C:\Program Files\Java\jdk-17\bin\server

VM Arguments:
java_command: <unknown>
java_class_path (initial): <not set>
Launcher Type: SUN_STANDARD

[Global flags]
     bool UseLargePagesIndividualAllocation        = false                                  {pd product} {ergonomic}

Logging:
Log output configuration:
 #0: stdout all=warning uptime,level,tags
 #1: stderr all=off uptime,level,tags

Environment Variables:
JAVA_HOME=C:\Program Files\Java\jdk-17
PATH=C:\Python311\Scripts\;C:\Python311\;C:\Program Files\Common Files\Oracle\Java\javapath;C:\Program Files (x86)\Common Files\Oracle\Java\javapath;C:\Windows\system32;C:\Windows;C:\Windows\System32\Wbem;C:\Windows\System32\WindowsPowerShell\v1.0\;C:\Windows\System32\OpenSSH\;C:\Program Files\Git\cmd;C:\ProgramData\chocolatey\bin;C:\Program Files\nodejs\;C:\Program Files\Docker\Docker\resources\bin;E:\Programs\Workstation\bin\;C:\Program Files (x86)\Common Files\Oracle\Java\javapath;C:\Windows\system32;C:\Windows;C:\Windows\System32\Wbem;C:\Windows\System32\WindowsPowerShell\v1.0\;C:\Windows\System32\OpenSSH\;C:\Program Files\Git\cmd;C:\Users\Slava\AppData\Local\Microsoft\WindowsApps;E:\Programs\IntelliJ IDEA 2022.3.1\bin;I:\Programs (x86)\apache-maven-3.9.0-bin\apache-maven-3.9.0\bin;I:\Programs (x86)\Microsoft VS Code\bin;I:\Programs (x86)\WebStorm 2023.1.1\bin;;C:\Users\Slava\AppData\Roaming\npm;I:\Program Files\nodejs\npm;I:\Program Files\nodejs\node;C:\Users\Slava\AppData\Roaming\npm;I:\Program Files\IntelliJ IDEA 2023.1.3\bin;
USERNAME=Slava
OS=Windows_NT
PROCESSOR_IDENTIFIER=Intel64 Family 6 Model 94 Stepping 3, GenuineIntel



---------------  S Y S T E M  ---------------

OS:
 Windows 10 , 64 bit Build 19041 (10.0.19041.2364)
OS uptime: 0 days 5:52 hours

CPU: total 4 (initial active 0) 

Memory: 4k page, system-wide physical 8128M (341M free)
TotalPageFile size 16687M (AvailPageFile size 5M)
current process WorkingSet (physical memory assigned to process): 7M, peak: 7M
current process commit charge ("private bytes"): 3M, peak: 3M

vm_info: Java HotSpot(TM) 64-Bit Server VM (17.0.7+8-LTS-224) for windows-amd64 JRE (17.0.7+8-LTS-224), built on Feb 28 2023 23:03:02 by "mach5one" with MS VC++ 17.1 (VS2022)

END.
